<?xml version="1.0" encoding="UTF-8"?>
<!-- Generated by org.testng.reporters.JUnitReportReporter -->
<testsuite hostname="sjc-samarnath-mba.local" name="test" tests="1" failures="0" timestamp="20 Sep 2016 23:26:58 GMT" time="0.024" errors="0">
  <testcase name="HelloWorld" time="0.024" classname="test"/>
</testsuite> <!-- test -->
